Analysis & Synthesis report for Djekaa
Mon Feb 11 15:18:30 2019
Quartus II 64-Bit Version 13.1.0 Build 162 10/23/2013 SJ Web Edition


---------------------
; Table of Contents ;
---------------------
  1. Legal Notice
  2. Analysis & Synthesis Summary
  3. Analysis & Synthesis Settings
  4. Parallel Compilation
  5. Analysis & Synthesis Messages



----------------
; Legal Notice ;
----------------
Copyright (C) 1991-2013 Altera Corporation
Your use of Altera Corporation's design tools, logic functions 
and other software and tools, and its AMPP partner logic 
functions, and any output files from any of the foregoing 
(including device programming or simulation files), and any 
associated documentation or information are expressly subject 
to the terms and conditions of the Altera Program License 
Subscription Agreement, Altera MegaCore Function License 
Agreement, or other applicable license agreement, including, 
without limitation, that your use is for the sole purpose of 
programming logic devices manufactured by Altera and sold by 
Altera or its authorized distributors.  Please refer to the 
applicable agreement for further details.



+---------------------------------------------------------------------------------+
; Analysis & Synthesis Summary                                                    ;
+------------------------------------+--------------------------------------------+
; Analysis & Synthesis Status        ; Failed - Mon Feb 11 15:18:30 2019          ;
; Quartus II 64-Bit Version          ; 13.1.0 Build 162 10/23/2013 SJ Web Edition ;
; Revision Name                      ; Djekaa                                     ;
; Top-level Entity Name              ; Igrica                                     ;
; Family                             ; Cyclone III                                ;
; Total logic elements               ; N/A until Partition Merge                  ;
;     Total combinational functions  ; N/A until Partition Merge                  ;
;     Dedicated logic registers      ; N/A until Partition Merge                  ;
; Total registers                    ; N/A until Partition Merge                  ;
; Total pins                         ; N/A until Partition Merge                  ;
; Total virtual pins                 ; N/A until Partition Merge                  ;
; Total memory bits                  ; N/A until Partition Merge                  ;
; Embedded Multiplier 9-bit elements ; N/A until Partition Merge                  ;
; Total PLLs                         ; N/A until Partition Merge                  ;
+------------------------------------+--------------------------------------------+


+----------------------------------------------------------------------------------------------------------------------+
; Analysis & Synthesis Settings                                                                                        ;
+----------------------------------------------------------------------------+--------------------+--------------------+
; Option                                                                     ; Setting            ; Default Value      ;
+----------------------------------------------------------------------------+--------------------+--------------------+
; Device                                                                     ; EP3C16F484C6       ;                    ;
; Top-level entity name                                                      ; Igrica             ; Djekaa             ;
; Family name                                                                ; Cyclone III        ; Cyclone IV GX      ;
; Use smart compilation                                                      ; Off                ; Off                ;
; Enable parallel Assembler and TimeQuest Timing Analyzer during compilation ; On                 ; On                 ;
; Enable compact report table                                                ; Off                ; Off                ;
; Restructure Multiplexers                                                   ; Auto               ; Auto               ;
; Create Debugging Nodes for IP Cores                                        ; Off                ; Off                ;
; Preserve fewer node names                                                  ; On                 ; On                 ;
; Disable OpenCore Plus hardware evaluation                                  ; Off                ; Off                ;
; Verilog Version                                                            ; Verilog_2001       ; Verilog_2001       ;
; VHDL Version                                                               ; VHDL_1993          ; VHDL_1993          ;
; State Machine Processing                                                   ; Auto               ; Auto               ;
; Safe State Machine                                                         ; Off                ; Off                ;
; Extract Verilog State Machines                                             ; On                 ; On                 ;
; Extract VHDL State Machines                                                ; On                 ; On                 ;
; Ignore Verilog initial constructs                                          ; Off                ; Off                ;
; Iteration limit for constant Verilog loops                                 ; 5000               ; 5000               ;
; Iteration limit for non-constant Verilog loops                             ; 250                ; 250                ;
; Add Pass-Through Logic to Inferred RAMs                                    ; On                 ; On                 ;
; Infer RAMs from Raw Logic                                                  ; On                 ; On                 ;
; Parallel Synthesis                                                         ; On                 ; On                 ;
; DSP Block Balancing                                                        ; Auto               ; Auto               ;
; NOT Gate Push-Back                                                         ; On                 ; On                 ;
; Power-Up Don't Care                                                        ; On                 ; On                 ;
; Remove Redundant Logic Cells                                               ; Off                ; Off                ;
; Remove Duplicate Registers                                                 ; On                 ; On                 ;
; Ignore CARRY Buffers                                                       ; Off                ; Off                ;
; Ignore CASCADE Buffers                                                     ; Off                ; Off                ;
; Ignore GLOBAL Buffers                                                      ; Off                ; Off                ;
; Ignore ROW GLOBAL Buffers                                                  ; Off                ; Off                ;
; Ignore LCELL Buffers                                                       ; Off                ; Off                ;
; Ignore SOFT Buffers                                                        ; On                 ; On                 ;
; Limit AHDL Integers to 32 Bits                                             ; Off                ; Off                ;
; Optimization Technique                                                     ; Balanced           ; Balanced           ;
; Carry Chain Length                                                         ; 70                 ; 70                 ;
; Auto Carry Chains                                                          ; On                 ; On                 ;
; Auto Open-Drain Pins                                                       ; On                 ; On                 ;
; Perform WYSIWYG Primitive Resynthesis                                      ; Off                ; Off                ;
; Auto ROM Replacement                                                       ; On                 ; On                 ;
; Auto RAM Replacement                                                       ; On                 ; On                 ;
; Auto DSP Block Replacement                                                 ; On                 ; On                 ;
; Auto Shift Register Replacement                                            ; Auto               ; Auto               ;
; Allow Shift Register Merging across Hierarchies                            ; Auto               ; Auto               ;
; Auto Clock Enable Replacement                                              ; On                 ; On                 ;
; Strict RAM Replacement                                                     ; Off                ; Off                ;
; Allow Synchronous Control Signals                                          ; On                 ; On                 ;
; Force Use of Synchronous Clear Signals                                     ; Off                ; Off                ;
; Auto RAM Block Balancing                                                   ; On                 ; On                 ;
; Auto RAM to Logic Cell Conversion                                          ; Off                ; Off                ;
; Auto Resource Sharing                                                      ; Off                ; Off                ;
; Allow Any RAM Size For Recognition                                         ; Off                ; Off                ;
; Allow Any ROM Size For Recognition                                         ; Off                ; Off                ;
; Allow Any Shift Register Size For Recognition                              ; Off                ; Off                ;
; Use LogicLock Constraints during Resource Balancing                        ; On                 ; On                 ;
; Ignore translate_off and synthesis_off directives                          ; Off                ; Off                ;
; Timing-Driven Synthesis                                                    ; On                 ; On                 ;
; Report Parameter Settings                                                  ; On                 ; On                 ;
; Report Source Assignments                                                  ; On                 ; On                 ;
; Report Connectivity Checks                                                 ; On                 ; On                 ;
; Ignore Maximum Fan-Out Assignments                                         ; Off                ; Off                ;
; Synchronization Register Chain Length                                      ; 2                  ; 2                  ;
; PowerPlay Power Optimization                                               ; Normal compilation ; Normal compilation ;
; HDL message level                                                          ; Level2             ; Level2             ;
; Suppress Register Optimization Related Messages                            ; Off                ; Off                ;
; Number of Removed Registers Reported in Synthesis Report                   ; 5000               ; 5000               ;
; Number of Swept Nodes Reported in Synthesis Report                         ; 5000               ; 5000               ;
; Number of Inverted Registers Reported in Synthesis Report                  ; 100                ; 100                ;
; Clock MUX Protection                                                       ; On                 ; On                 ;
; Auto Gated Clock Conversion                                                ; Off                ; Off                ;
; Block Design Naming                                                        ; Auto               ; Auto               ;
; SDC constraint protection                                                  ; Off                ; Off                ;
; Synthesis Effort                                                           ; Auto               ; Auto               ;
; Shift Register Replacement - Allow Asynchronous Clear Signal               ; On                 ; On                 ;
; Pre-Mapping Resynthesis Optimization                                       ; Off                ; Off                ;
; Analysis & Synthesis Message Level                                         ; Medium             ; Medium             ;
; Disable Register Merging Across Hierarchies                                ; Auto               ; Auto               ;
; Resource Aware Inference For Block RAM                                     ; On                 ; On                 ;
; Synthesis Seed                                                             ; 1                  ; 1                  ;
+----------------------------------------------------------------------------+--------------------+--------------------+


Parallel compilation was disabled, but you have multiple processors available. Enable parallel compilation to reduce compilation time.
+-------------------------------------+
; Parallel Compilation                ;
+----------------------------+--------+
; Processors                 ; Number ;
+----------------------------+--------+
; Number detected on machine ; 4      ;
; Maximum allowed            ; 1      ;
+----------------------------+--------+


+-------------------------------+
; Analysis & Synthesis Messages ;
+-------------------------------+
Info: *******************************************************************
Info: Running Quartus II 64-Bit Analysis & Synthesis
    Info: Version 13.1.0 Build 162 10/23/2013 SJ Web Edition
    Info: Processing started: Mon Feb 11 15:18:28 2019
Info: Command: quartus_map --read_settings_files=on --write_settings_files=off Djekaa -c Djekaa
Warning (20028): Parallel compilation is not licensed and has been disabled
Info (12021): Found 2 design units, including 1 entities, in source file regx.vhd
    Info (12022): Found design unit 1: REGX-rtl
    Info (12023): Found entity 1: REGX
Info (12021): Found 2 design units, including 1 entities, in source file mp2x.vhd
    Info (12022): Found design unit 1: MP2X-rtl
    Info (12023): Found entity 1: MP2X
Info (12021): Found 2 design units, including 1 entities, in source file constx.vhd
    Info (12022): Found design unit 1: CONSTX-rtl
    Info (12023): Found entity 1: CONSTX
Info (12021): Found 2 design units, including 1 entities, in source file cmpx.vhd
    Info (12022): Found design unit 1: CMPX-rtl
    Info (12023): Found entity 1: CMPX
Info (12021): Found 2 design units, including 1 entities, in source file clk_divider.vhd
    Info (12022): Found design unit 1: CLK_DIVIDER-rtl
    Info (12023): Found entity 1: CLK_DIVIDER
Info (12021): Found 2 design units, including 1 entities, in source file alu1.vhd
    Info (12022): Found design unit 1: ALU1-rtl
    Info (12023): Found entity 1: ALU1
Info (12021): Found 1 design units, including 1 entities, in source file vpga.bdf
    Info (12023): Found entity 1: VPGA
Info (12021): Found 1 design units, including 1 entities, in source file pozadina.bdf
    Info (12023): Found entity 1: Pozadina
Info (12021): Found 1 design units, including 1 entities, in source file igrica.bdf
    Info (12023): Found entity 1: Igrica
Info (12021): Found 1 design units, including 1 entities, in source file brod.bdf
    Info (12023): Found entity 1: Brod
Info (12021): Found 1 design units, including 1 entities, in source file raketa.bdf
    Info (12023): Found entity 1: Raketa
Info (12021): Found 1 design units, including 1 entities, in source file add.bdf
    Info (12023): Found entity 1: ADD
Info (12127): Elaborating entity "Igrica" for the top level hierarchy
Warning (275083): Bus "R2[3..0]" found using same base name as "R", which might lead to a name conflict.
Warning (275083): Bus "R1[3..0]" found using same base name as "R1", which might lead to a name conflict.
Warning (275083): Bus "R0[3..0]" found using same base name as "R", which might lead to a name conflict.
Warning (275083): Bus "G1[3..0]" found using same base name as "G1", which might lead to a name conflict.
Warning (275083): Bus "G0[3..0]" found using same base name as "G", which might lead to a name conflict.
Warning (275083): Bus "B1[3..0]" found using same base name as "B1", which might lead to a name conflict.
Warning (275083): Bus "B0[3..0]" found using same base name as "B", which might lead to a name conflict.
Warning (275083): Bus "R0[3..0]" found using same base name as "R", which might lead to a name conflict.
Warning (275083): Bus "G0[3..0]" found using same base name as "G", which might lead to a name conflict.
Warning (275083): Bus "B0[3..0]" found using same base name as "B", which might lead to a name conflict.
Warning (275083): Bus "R2[3..0]" found using same base name as "R", which might lead to a name conflict.
Warning (275083): Bus "G2[3..0]" found using same base name as "G2", which might lead to a name conflict.
Warning (275083): Bus "B2[3..0]" found using same base name as "B2", which might lead to a name conflict.
Warning (275080): Converted elements in bus name "B" using legacy naming rules. Make any assignments on the new names, not on the original names.
    Warning (275081): Converted element name(s) from "B[3..0]" to "B3..0"
    Warning (275081): Converted element name(s) from "B[3..0]" to "B3..0"
Warning (275080): Converted elements in bus name "B0" using legacy naming rules. Make any assignments on the new names, not on the original names.
    Warning (275081): Converted element name(s) from "B0[3..0]" to "B03..0"
    Warning (275081): Converted element name(s) from "B0[3..0]" to "B03..0"
Warning (275080): Converted elements in bus name "B1" using legacy naming rules. Make any assignments on the new names, not on the original names.
    Warning (275081): Converted element name(s) from "B1[3..0]" to "B13..0"
    Warning (275081): Converted element name(s) from "B1[3..0]" to "B13..0"
Warning (275080): Converted elements in bus name "B2" using legacy naming rules. Make any assignments on the new names, not on the original names.
    Warning (275081): Converted element name(s) from "B2[3..0]" to "B23..0"
    Warning (275081): Converted element name(s) from "B2[3..0]" to "B23..0"
Warning (275080): Converted elements in bus name "B3" using legacy naming rules. Make any assignments on the new names, not on the original names.
    Warning (275081): Converted element name(s) from "B3[3..0]" to "B33..0"
Warning (275080): Converted elements in bus name "G" using legacy naming rules. Make any assignments on the new names, not on the original names.
    Warning (275081): Converted element name(s) from "G[3..0]" to "G3..0"
    Warning (275081): Converted element name(s) from "G[3..0]" to "G3..0"
Warning (275080): Converted elements in bus name "G0" using legacy naming rules. Make any assignments on the new names, not on the original names.
    Warning (275081): Converted element name(s) from "G0[3..0]" to "G03..0"
    Warning (275081): Converted element name(s) from "G0[3..0]" to "G03..0"
Warning (275080): Converted elements in bus name "G1" using legacy naming rules. Make any assignments on the new names, not on the original names.
    Warning (275081): Converted element name(s) from "G1[3..0]" to "G13..0"
    Warning (275081): Converted element name(s) from "G1[3..0]" to "G13..0"
Warning (275080): Converted elements in bus name "G2" using legacy naming rules. Make any assignments on the new names, not on the original names.
    Warning (275081): Converted element name(s) from "G2[3..0]" to "G23..0"
    Warning (275081): Converted element name(s) from "G2[3..0]" to "G23..0"
Warning (275080): Converted elements in bus name "G3" using legacy naming rules. Make any assignments on the new names, not on the original names.
    Warning (275081): Converted element name(s) from "G3[3..0]" to "G33..0"
Warning (275080): Converted elements in bus name "R" using legacy naming rules. Make any assignments on the new names, not on the original names.
    Warning (275081): Converted element name(s) from "R[3..0]" to "R3..0"
    Warning (275081): Converted element name(s) from "R[3..0]" to "R3..0"
Warning (275080): Converted elements in bus name "R0" using legacy naming rules. Make any assignments on the new names, not on the original names.
    Warning (275081): Converted element name(s) from "R0[3..0]" to "R03..0"
    Warning (275081): Converted element name(s) from "R0[3..0]" to "R03..0"
Warning (275080): Converted elements in bus name "R1" using legacy naming rules. Make any assignments on the new names, not on the original names.
    Warning (275081): Converted element name(s) from "R1[3..0]" to "R13..0"
    Warning (275081): Converted element name(s) from "R1[3..0]" to "R13..0"
Warning (275080): Converted elements in bus name "R2" using legacy naming rules. Make any assignments on the new names, not on the original names.
    Warning (275081): Converted element name(s) from "R2[3..0]" to "R23..0"
    Warning (275081): Converted element name(s) from "R2[3..0]" to "R23..0"
Warning (275080): Converted elements in bus name "R3" using legacy naming rules. Make any assignments on the new names, not on the original names.
    Warning (275081): Converted element name(s) from "R3[3..0]" to "R33..0"
Info (12128): Elaborating entity "VPGA" for hierarchy "VPGA:inst1"
Info (12128): Elaborating entity "CMPX" for hierarchy "VPGA:inst1|CMPX:inst7"
Info (12128): Elaborating entity "REGX" for hierarchy "VPGA:inst1|REGX:inst"
Info (12128): Elaborating entity "CONSTX" for hierarchy "VPGA:inst1|CONSTX:inst4"
Info (12128): Elaborating entity "CONSTX" for hierarchy "VPGA:inst1|CONSTX:inst9"
Info (12128): Elaborating entity "CONSTX" for hierarchy "VPGA:inst1|CONSTX:inst8"
Info (12128): Elaborating entity "CMPX" for hierarchy "VPGA:inst1|CMPX:inst12"
Info (12128): Elaborating entity "REGX" for hierarchy "VPGA:inst1|REGX:inst1"
Info (12128): Elaborating entity "CONSTX" for hierarchy "VPGA:inst1|CONSTX:inst5"
Info (12128): Elaborating entity "CONSTX" for hierarchy "VPGA:inst1|CONSTX:inst14"
Info (12128): Elaborating entity "CONSTX" for hierarchy "VPGA:inst1|CONSTX:inst13"
Info (12128): Elaborating entity "CONSTX" for hierarchy "VPGA:inst1|CONSTX:inst18"
Info (12128): Elaborating entity "CONSTX" for hierarchy "VPGA:inst1|CONSTX:inst17"
Warning (12125): Using design file mousecontroller.bdf, which is not specified as a design file for the current project, but contains definitions for 1 design units and 1 entities in project
    Info (12023): Found entity 1: mouseController
Info (12128): Elaborating entity "MouseController" for hierarchy "MouseController:insturos1234"
Info (12128): Elaborating entity "REGX" for hierarchy "MouseController:insturos1234|REGX:inst22"
Warning (12125): Using design file risingedge.bdf, which is not specified as a design file for the current project, but contains definitions for 1 design units and 1 entities in project
    Info (12023): Found entity 1: RisingEdge
Info (12128): Elaborating entity "RisingEdge" for hierarchy "MouseController:insturos1234|RisingEdge:inst3"
Warning (12125): Using design file mouseinterface.bdf, which is not specified as a design file for the current project, but contains definitions for 1 design units and 1 entities in project
    Info (12023): Found entity 1: MouseInterface
Info (12128): Elaborating entity "MouseInterface" for hierarchy "MouseController:insturos1234|MouseInterface:inst9"
Warning (275008): Primitive "NOT" of instance "inst30" not used
Info (12128): Elaborating entity "REGX" for hierarchy "MouseController:insturos1234|MouseInterface:inst9|REGX:inst17"
Info (12128): Elaborating entity "CMPX" for hierarchy "MouseController:insturos1234|MouseInterface:inst9|CMPX:inst66"
Info (12128): Elaborating entity "REGX" for hierarchy "MouseController:insturos1234|MouseInterface:inst9|REGX:packet_byte_reg"
Warning (12125): Using design file mousetransceiver.bdf, which is not specified as a design file for the current project, but contains definitions for 1 design units and 1 entities in project
    Info (12023): Found entity 1: MouseTransceiver
Info (12128): Elaborating entity "MouseTransceiver" for hierarchy "MouseController:insturos1234|MouseInterface:inst9|MouseTransceiver:inst2"
Warning (275008): Primitive "NOT" of instance "inst71" not used
Warning (12125): Using design file dc8.bdf, which is not specified as a design file for the current project, but contains definitions for 1 design units and 1 entities in project
    Info (12023): Found entity 1: DC8
Info (12128): Elaborating entity "DC8" for hierarchy "MouseController:insturos1234|MouseInterface:inst9|MouseTransceiver:inst2|DC8:inst9"
Warning (12125): Using design file debouncer.bdf, which is not specified as a design file for the current project, but contains definitions for 1 design units and 1 entities in project
    Info (12023): Found entity 1: Debouncer
Info (12128): Elaborating entity "Debouncer" for hierarchy "MouseController:insturos1234|MouseInterface:inst9|MouseTransceiver:inst2|Debouncer:inst3"
Warning (12125): Using design file reg1_inc_cl.bdf, which is not specified as a design file for the current project, but contains definitions for 1 design units and 1 entities in project
    Info (12023): Found entity 1: REG1_INC_CL
Info (12128): Elaborating entity "REG1_INC_CL" for hierarchy "MouseController:insturos1234|MouseInterface:inst9|MouseTransceiver:inst2|Debouncer:inst3|REG1_INC_CL:inst2"
Info (12128): Elaborating entity "CMPX" for hierarchy "MouseController:insturos1234|MouseInterface:inst9|MouseTransceiver:inst2|CMPX:inst85"
Info (12128): Elaborating entity "REGX" for hierarchy "MouseController:insturos1234|MouseInterface:inst9|MouseTransceiver:inst2|REGX:bit_cnt"
Info (12128): Elaborating entity "CONSTX" for hierarchy "MouseController:insturos1234|MouseInterface:inst9|MouseTransceiver:inst2|CONSTX:inst87"
Info (12128): Elaborating entity "CMPX" for hierarchy "MouseController:insturos1234|MouseInterface:inst9|MouseTransceiver:inst2|CMPX:inst63"
Info (12128): Elaborating entity "REGX" for hierarchy "MouseController:insturos1234|MouseInterface:inst9|MouseTransceiver:inst2|REGX:Timer_reg"
Info (12128): Elaborating entity "CONSTX" for hierarchy "MouseController:insturos1234|MouseInterface:inst9|MouseTransceiver:inst2|CONSTX:inst60"
Info (12128): Elaborating entity "CONSTX" for hierarchy "MouseController:insturos1234|MouseInterface:inst9|MouseTransceiver:inst2|CONSTX:inst69"
Warning (12125): Using design file reg11.bdf, which is not specified as a design file for the current project, but contains definitions for 1 design units and 1 entities in project
    Info (12023): Found entity 1: REG11
Info (12128): Elaborating entity "REG11" for hierarchy "MouseController:insturos1234|MouseInterface:inst9|MouseTransceiver:inst2|REG11:ps2_word_reg"
Warning (12125): Using design file reg5.vhd, which is not specified as a design file for the current project, but contains definitions for 2 design units and 1 entities in project
    Info (12022): Found design unit 1: REG5-reg5
    Info (12023): Found entity 1: REG5
Error (10481): VHDL Use Clause error at reg5.vhd(38): design library "work" does not contain primary unit "reg1" File: C:/Users/da170356/Desktop/brodSaRaketomPoslednje/reg5.vhd Line: 38
Error: Quartus II 64-Bit Analysis & Synthesis was unsuccessful. 1 error, 67 warnings
    Error: Peak virtual memory: 4670 megabytes
    Error: Processing ended: Mon Feb 11 15:18:30 2019
    Error: Elapsed time: 00:00:02
    Error: Total CPU time (on all processors): 00:00:02


